<?xml version="1.0" encoding="UTF-8"?>
<robot generator="Robot 3.0.4 (Python 3.7.1 on win32)" generated="20181205 12:41:30.679">
<suite id="s1" name="Simple Appium Test" source="E:\!projects\python\python-selenium-pageobject\test\robot\simple_appium_test.robot">
<kw name="Go to app" type="setup">
<kw name="Open Application" library="AppiumLibrary">
<doc>Opens a new application to given Appium server.</doc>
<arguments>
<arg>http://192.168.1.153:4723/wd/hub</arg>
<arg>platformName=iOS</arg>
<arg>platformVersion=11.4</arg>
<arg>deviceName=iPhone 6s</arg>
<arg>automationName=XCUITest</arg>
<arg>app=/Users/admin/Library/Developer/Xcode/DerivedData/UICatalog-afswgjckpnkqtebkoffqyuhqtgqq/Build/Products/Debug-iphonesimulator/UICatalog.app</arg>
</arguments>
<status status="PASS" starttime="20181205 12:41:30.791" endtime="20181205 12:41:41.403"></status>
</kw>
<status status="PASS" starttime="20181205 12:41:30.790" endtime="20181205 12:41:41.403"></status>
</kw>
<test id="s1-t1" name="Ensure the capital of a country displayes">
<kw name="Click Element" library="AppiumLibrary">
<doc>Click element identified by `locator`.</doc>
<arguments>
<arg>xpath=//XCUIElementTypeStaticText[@name="Alert Views"]</arg>
</arguments>
<msg timestamp="20181205 12:41:41.405" level="INFO">Clicking element 'xpath=//XCUIElementTypeStaticText[@name="Alert Views"]'.</msg>
<status status="PASS" starttime="20181205 12:41:41.404" endtime="20181205 12:41:46.499"></status>
</kw>
<kw name="Click Element" library="AppiumLibrary">
<doc>Click element identified by `locator`.</doc>
<arguments>
<arg>xpath=//XCUIElementTypeStaticText[@name="Okay / Cancel"]</arg>
</arguments>
<msg timestamp="20181205 12:41:46.501" level="INFO">Clicking element 'xpath=//XCUIElementTypeStaticText[@name="Okay / Cancel"]'.</msg>
<status status="PASS" starttime="20181205 12:41:46.499" endtime="20181205 12:41:51.009"></status>
</kw>
<kw name="Wait Until Page Contains" library="AppiumLibrary">
<doc>Waits until `text` appears on current page.</doc>
<arguments>
<arg>A message should be a short, complete sentence.</arg>
<arg>timeout=5</arg>
</arguments>
<status status="PASS" starttime="20181205 12:41:51.009" endtime="20181205 12:41:54.552"></status>
</kw>
<kw name="Click Element" library="AppiumLibrary">
<doc>Click element identified by `locator`.</doc>
<arguments>
<arg>//XCUIElementTypeButton[@name="Cancel"]</arg>
</arguments>
<msg timestamp="20181205 12:41:54.553" level="INFO">Clicking element '//XCUIElementTypeButton[@name="Cancel"]'.</msg>
<status status="PASS" starttime="20181205 12:41:54.552" endtime="20181205 12:41:58.388"></status>
</kw>
<status status="PASS" starttime="20181205 12:41:41.404" endtime="20181205 12:41:58.388" critical="yes"></status>
</test>
<kw name="Quit Application" library="AppiumLibrary" type="teardown">
<doc>Quit application. Application can be quit while Appium session is kept alive.</doc>
<status status="PASS" starttime="20181205 12:41:58.389" endtime="20181205 12:41:58.769"></status>
</kw>
<doc>Suite description</doc>
<status status="PASS" starttime="20181205 12:41:30.681" endtime="20181205 12:41:58.769"></status>
</suite>
<statistics>
<total>
<stat pass="1" fail="0">Critical Tests</stat>
<stat pass="1" fail="0">All Tests</stat>
</total>
<tag>
</tag>
<suite>
<stat pass="1" fail="0" id="s1" name="Simple Appium Test">Simple Appium Test</stat>
</suite>
</statistics>
<errors>
</errors>
</robot>
